#-----------------------------------------------------------
# Vivado v2020.1 (64-bit)
# SW Build 2902540 on Wed May 27 19:54:35 MDT 2020
# IP Build 2902112 on Wed May 27 22:43:36 MDT 2020
# Start of session at: Thu Sep 23 15:22:52 2021
# Process ID: 3005798
# Current directory: /home/egoncu/Desktop/github/GPS_project/vivado
# Command line: vivado
# Log file: /home/egoncu/Desktop/github/GPS_project/vivado/vivado.log
# Journal file: /home/egoncu/Desktop/github/GPS_project/vivado/vivado.jou
#-----------------------------------------------------------
start_gui
create_project fifo_module /home/egoncu/Desktop/github/GPS_project/vivado/fifo_module -part xczu7ev-ffvc1156-2-e
INFO: [IP_Flow 19-234] Refreshing IP repositories
INFO: [IP_Flow 19-1704] No user IP repositories specified
INFO: [IP_Flow 19-2313] Loaded Vivado IP repository '/tools/Xilinx/Vivado/2020.1/data/ip'.
WARNING: [IP_Flow 19-3899] Cannot get the environment domain name variable for the component vendor name. Setting the vendor name to 'user.org'.
create_project: Time (s): cpu = 00:00:15 ; elapsed = 00:00:08 . Memory (MB): peak = 7016.594 ; gain = 35.020 ; free physical = 1405 ; free virtual = 8264
set_property board_part xilinx.com:zcu104:part0:1.1 [current_project]
set_property target_language VHDL [current_project]
add_files -norecurse /home/egoncu/Desktop/github/GPS_project/rtl/fifo_module.vhd
update_compile_order -fileset sources_1
update_compile_order -fileset sources_1
WARNING: [IP_Flow 19-3899] Cannot get the environment domain name variable for the component vendor name. Setting the vendor name to 'user.org'.
WARNING: [IP_Flow 19-3899] Cannot get the environment domain name variable for the component vendor name. Setting the vendor name to 'user.org'.
WARNING: [IP_Flow 19-3899] Cannot get the environment domain name variable for the component vendor name. Setting the vendor name to 'user.org'.
create_peripheral user.org user FIFO_axi_slave 1.0 -dir /home/egoncu/Desktop/github/GPS_project/ip_repo
add_peripheral_interface S00_AXI -interface_mode slave -axi_type lite [ipx::find_open_core user.org:user:FIFO_axi_slave:1.0]
generate_peripheral -bfm_example_design -debug_hw_example_design [ipx::find_open_core user.org:user:FIFO_axi_slave:1.0]
write_peripheral [ipx::find_open_core user.org:user:FIFO_axi_slave:1.0]
set_property  ip_repo_paths  /home/egoncu/Desktop/github/GPS_project/ip_repo/FIFO_axi_slave_1.0 [current_project]
update_ip_catalog -rebuild
INFO: [IP_Flow 19-234] Refreshing IP repositories
INFO: [IP_Flow 19-1700] Loaded user IP repository '/home/egoncu/Desktop/github/GPS_project/ip_repo/FIFO_axi_slave_1.0'.
WARNING: [IP_Flow 19-3899] Cannot get the environment domain name variable for the component vendor name. Setting the vendor name to 'user.org'.
WARNING: [IP_Flow 19-3899] Cannot get the environment domain name variable for the component vendor name. Setting the vendor name to 'user.org'.
WARNING: [IP_Flow 19-3899] Cannot get the environment domain name variable for the component vendor name. Setting the vendor name to 'user.org'.
create_peripheral user.org user FIFO_axis 1.0 -dir /home/egoncu/Desktop/github/GPS_project/vivado/ip_repo
add_peripheral_interface S00_AXI -interface_mode slave -axi_type lite [ipx::find_open_core user.org:user:FIFO_axis:1.0]
generate_peripheral -bfm_example_design -debug_hw_example_design [ipx::find_open_core user.org:user:FIFO_axis:1.0]
write_peripheral [ipx::find_open_core user.org:user:FIFO_axis:1.0]
set_property  ip_repo_paths  {/home/egoncu/Desktop/github/GPS_project/vivado/ip_repo/FIFO_axis_1.0 /home/egoncu/Desktop/github/GPS_project/ip_repo/FIFO_axi_slave_1.0} [current_project]
update_ip_catalog -rebuild
INFO: [IP_Flow 19-234] Refreshing IP repositories
INFO: [IP_Flow 19-1700] Loaded user IP repository '/home/egoncu/Desktop/github/GPS_project/vivado/ip_repo/FIFO_axis_1.0'.
WARNING: [IP_Flow 19-2248] Failed to load user IP repository '/home/egoncu/Desktop/github/GPS_project/ip_repo/FIFO_axi_slave_1.0'; Can't find the specified path.
If this directory should no longer be in your list of user repositories, go to the IP Settings dialog and remove it.
WARNING: [IP_Flow 19-3899] Cannot get the environment domain name variable for the component vendor name. Setting the vendor name to 'user.org'.
WARNING: [IP_Flow 19-3899] Cannot get the environment domain name variable for the component vendor name. Setting the vendor name to 'user.org'.
WARNING: [IP_Flow 19-3899] Cannot get the environment domain name variable for the component vendor name. Setting the vendor name to 'user.org'.
create_peripheral user.org user FIFO_axis 1.0 -dir /home/egoncu/Desktop/github/GPS_project/ip_repo
add_peripheral_interface S00_AXI -interface_mode slave -axi_type lite [ipx::find_open_core user.org:user:FIFO_axis:1.0]
generate_peripheral -bfm_example_design -debug_hw_example_design [ipx::find_open_core user.org:user:FIFO_axis:1.0]
write_peripheral [ipx::find_open_core user.org:user:FIFO_axis:1.0]
set_property  ip_repo_paths  {/home/egoncu/Desktop/github/GPS_project/ip_repo/FIFO_axis_1.0 /home/egoncu/Desktop/github/GPS_project/vivado/ip_repo/FIFO_axis_1.0 /home/egoncu/Desktop/github/GPS_project/ip_repo/FIFO_axi_slave_1.0} [current_project]
update_ip_catalog -rebuild
INFO: [IP_Flow 19-234] Refreshing IP repositories
INFO: [IP_Flow 19-1700] Loaded user IP repository '/home/egoncu/Desktop/github/GPS_project/ip_repo/FIFO_axis_1.0'.
INFO: [IP_Flow 19-1700] Loaded user IP repository '/home/egoncu/Desktop/github/GPS_project/vivado/ip_repo/FIFO_axis_1.0'.
WARNING: [IP_Flow 19-2248] Failed to load user IP repository '/home/egoncu/Desktop/github/GPS_project/ip_repo/FIFO_axi_slave_1.0'; Can't find the specified path.
If this directory should no longer be in your list of user repositories, go to the IP Settings dialog and remove it.
WARNING: [IP_Flow 19-1663] Duplicate IP found for 'user.org:user:FIFO_axis:1.0'. The one found in IP location '/home/egoncu/Desktop/github/GPS_project/ip_repo/FIFO_axis_1.0' will take precedence over the same IP in location /home/egoncu/Desktop/github/GPS_project/vivado/ip_repo/FIFO_axis_1.0
create_ip -name FIFO_axis -vendor user.org -library user -version 1.0 -module_name FIFO_axis_0
generate_target {instantiation_template} [get_files /home/egoncu/Desktop/github/GPS_project/vivado/fifo_module/fifo_module.srcs/sources_1/ip/FIFO_axis_0/FIFO_axis_0.xci]
INFO: [IP_Flow 19-1686] Generating 'Instantiation Template' target for IP 'FIFO_axis_0'...
update_compile_order -fileset sources_1
ipx::edit_ip_in_project -upgrade true -name FIFO_axis_v1_0_project -directory /home/egoncu/Desktop/github/GPS_project/vivado/fifo_module/fifo_module.tmp/FIFO_axis_v1_0_project /home/egoncu/Desktop/github/GPS_project/ip_repo/FIFO_axis_1.0/component.xml
INFO: [IP_Flow 19-234] Refreshing IP repositories
INFO: [IP_Flow 19-1704] No user IP repositories specified
INFO: [IP_Flow 19-2313] Loaded Vivado IP repository '/tools/Xilinx/Vivado/2020.1/data/ip'.
INFO: [IP_Flow 19-234] Refreshing IP repositories
INFO: [IP_Flow 19-1700] Loaded user IP repository '/home/egoncu/Desktop/github/GPS_project/ip_repo/FIFO_axis_1.0'.
INFO: [IP_Flow 19-1700] Loaded user IP repository '/home/egoncu/Desktop/github/GPS_project/vivado/ip_repo/FIFO_axis_1.0'.
WARNING: [IP_Flow 19-2248] Failed to load user IP repository '/home/egoncu/Desktop/github/GPS_project/ip_repo/FIFO_axi_slave_1.0'; Can't find the specified path.
If this directory should no longer be in your list of user repositories, go to the IP Settings dialog and remove it.
WARNING: [IP_Flow 19-1663] Duplicate IP found for 'user.org:user:FIFO_axis:1.0'. The one found in IP location '/home/egoncu/Desktop/github/GPS_project/ip_repo/FIFO_axis_1.0' will take precedence over the same IP in location /home/egoncu/Desktop/github/GPS_project/vivado/ip_repo/FIFO_axis_1.0
INFO: [IP_Flow 19-795] Syncing license key meta-data
current_project fifo_module
current_project FIFO_axis_v1_0_project
add_files -norecurse -copy_to /home/egoncu/Desktop/github/GPS_project/ip_repo/FIFO_axis_1.0/src /home/egoncu/Desktop/github/GPS_project/rtl/fifo_module.vhd
update_compile_order -fileset sources_1
update_compile_order -fileset sources_1
update_compile_order -fileset sources_1
update_compile_order -fileset sources_1
current_project fifo_module
current_project FIFO_axis_v1_0_project
update_compile_order -fileset sources_1
ipx::merge_project_changes files [ipx::current_core]
WARNING: [IP_Flow 19-3899] Cannot get the environment domain name variable for the component vendor name. Setting the vendor name to 'user.org'.
WARNING: [IP_Flow 19-5226] Project source file '/home/egoncu/Desktop/github/GPS_project/ip_repo/FIFO_axis_1.0/component.xml' ignored by IP packager.
WARNING: [IP_Flow 19-5898] Updating the required XPM macros from '' to 'XPM_FIFO'
ipx::merge_project_changes hdl_parameters [ipx::current_core]
WARNING: [IP_Flow 19-3899] Cannot get the environment domain name variable for the component vendor name. Setting the vendor name to 'user.org'.
WARNING: [IP_Flow 19-5226] Project source file '/home/egoncu/Desktop/github/GPS_project/ip_repo/FIFO_axis_1.0/component.xml' ignored by IP packager.
INFO: [IP_Flow 19-5107] Inferred bus interface 'rd_clk' of definition 'xilinx.com:signal:clock:1.0' (from Xilinx Repository).
INFO: [IP_Flow 19-3166] Bus Interface 'S00_AXI': References existing memory map 'S00_AXI'.
ipx::update_checksums [ipx::current_core]
ipx::save_core [ipx::current_core]
set_property core_revision 2 [ipx::current_core]
ipx::update_source_project_archive -component [ipx::current_core]
ipx::create_xgui_files [ipx::current_core]
ipx::update_checksums [ipx::current_core]
ipx::save_core [ipx::current_core]
ipx::move_temp_component_back -component [ipx::current_core]
close_project -delete
update_ip_catalog -rebuild -repo_path /home/egoncu/Desktop/github/GPS_project/ip_repo/FIFO_axis_1.0
INFO: [IP_Flow 19-725] Reloaded user IP repository '/home/egoncu/Desktop/github/GPS_project/ip_repo/FIFO_axis_1.0'
WARNING: [IP_Flow 19-1663] Duplicate IP found for 'user.org:user:FIFO_axis:1.0'. The one found in IP location '/home/egoncu/Desktop/github/GPS_project/ip_repo/FIFO_axis_1.0' will take precedence over the same IP in location /home/egoncu/Desktop/github/GPS_project/vivado/ip_repo/FIFO_axis_1.0
